e:\python\uwu-task-manager2\dll\dll1\dll1\x64\debug\dll1.pch
e:\python\uwu-task-manager2\dll\dll1\dll1\x64\debug\vc143.pdb
e:\python\uwu-task-manager2\dll\dll1\dll1\x64\debug\vc143.idb
e:\python\uwu-task-manager2\dll\dll1\dll1\x64\debug\pch.obj
e:\python\uwu-task-manager2\dll\dll1\dll1\x64\debug\taskmanager.obj
e:\python\uwu-task-manager2\dll\dll1\dll1\x64\debug\dllmain.obj
c:\users\studentcoll\desktop\uwu\uwu task manager2\dll\dll1\dll1\x64\debug\dll1.pch
c:\users\studentcoll\desktop\uwu\uwu task manager2\dll\dll1\dll1\x64\debug\vc143.pdb
c:\users\studentcoll\desktop\uwu\uwu task manager2\dll\dll1\dll1\x64\debug\vc143.idb
c:\users\studentcoll\desktop\uwu\uwu task manager2\dll\dll1\dll1\x64\debug\pch.obj
c:\users\studentcoll\desktop\uwu\uwu task manager2\dll\dll1\dll1\x64\debug\dllmain.obj
c:\users\studentcoll\desktop\uwu\uwu task manager2\dll\dll1\dll1\x64\debug\taskmanager.obj
e:\python\uwu-task-manager2\dll\dll1\x64\debug\dll1.dll
e:\python\uwu-task-manager2\dll\dll1\x64\debug\dll1.pdb
e:\python\uwu-task-manager2\dll\dll1\x64\debug\dll1.lib
e:\python\uwu-task-manager2\dll\dll1\x64\debug\dll1.exp
e:\python\uwu-task-manager2\dll\dll1\dll1\x64\debug\dll1.ilk
c:\users\studentcoll\desktop\uwu\uwu task manager2\dll\dll1\x64\debug\dll1.pdb
c:\users\studentcoll\desktop\uwu\uwu task manager2\dll\dll1\x64\debug\dll1.dll
c:\users\studentcoll\desktop\uwu\uwu task manager2\dll\dll1\dll1\x64\debug\dll1.tlog\cl.command.1.tlog
c:\users\studentcoll\desktop\uwu\uwu task manager2\dll\dll1\dll1\x64\debug\dll1.tlog\cl.items.tlog
c:\users\studentcoll\desktop\uwu\uwu task manager2\dll\dll1\dll1\x64\debug\dll1.tlog\cl.read.1.tlog
c:\users\studentcoll\desktop\uwu\uwu task manager2\dll\dll1\dll1\x64\debug\dll1.tlog\cl.write.1.tlog
c:\users\studentcoll\desktop\uwu\uwu task manager2\dll\dll1\dll1\x64\debug\dll1.tlog\link.command.1.tlog
c:\users\studentcoll\desktop\uwu\uwu task manager2\dll\dll1\dll1\x64\debug\dll1.tlog\link.read.1.tlog
c:\users\studentcoll\desktop\uwu\uwu task manager2\dll\dll1\dll1\x64\debug\dll1.tlog\link.secondary.1.tlog
c:\users\studentcoll\desktop\uwu\uwu task manager2\dll\dll1\dll1\x64\debug\dll1.tlog\link.write.1.tlog
